###############################################################################
#                                                                             #
# IAR C/C++ Compiler V1.31.1.20058 [Evaluation] for STM829/Feb/2016  15:32:54 #
# Copyright 2010-2012 IAR Systems AB.                                         #
#                                                                             #
#    Source file  =  D:\ProjectPath\STMPath\AC100_a0\sys\src\stm8s_tim4.c     #
#    Command line =  D:\ProjectPath\STMPath\AC100_a0\sys\src\stm8s_tim4.c -e  #
#                    -Om --no_unroll --no_inline --no_tbaa --no_cross_call    #
#                    --debug --code_model small --data_model medium -o        #
#                    D:\ProjectPath\STMPath\AC100_a0\Debug\Obj\               #
#                    --dlib_config "C:\Program Files\IAR Systems\Embedded     #
#                    Workbench 6.0 Evaluation\stm8\LIB\dlstm8smn.h" -lcN      #
#                    D:\ProjectPath\STMPath\AC100_a0\Debug\List\ -I           #
#                    D:\ProjectPath\STMPath\AC100_a0/user/\ -I                #
#                    D:\ProjectPath\STMPath\AC100_a0/user/src/\ -I            #
#                    D:\ProjectPath\STMPath\AC100_a0/user/inc/\ -I            #
#                    D:\ProjectPath\STMPath\AC100_a0/addon/\ -I               #
#                    D:\ProjectPath\STMPath\AC100_a0/addon/src/\ -I           #
#                    D:\ProjectPath\STMPath\AC100_a0/addon/inc/\ -I           #
#                    D:\ProjectPath\STMPath\AC100_a0/sys/\ -I                 #
#                    D:\ProjectPath\STMPath\AC100_a0/sys/inc/\ -I             #
#                    D:\ProjectPath\STMPath\AC100_a0/sys/src/\ -I             #
#                    D:\ProjectPath\STMPath\AC100_a0/lib/\ -I                 #
#                    D:\ProjectPath\STMPath\AC100_a0/lib/src/\ -I             #
#                    D:\ProjectPath\STMPath\AC100_a0/lib/inc/\ --vregs 16     #
#    List file    =  D:\ProjectPath\STMPath\AC100_a0\Debug\List\stm8s_tim4.ls #
#                    t                                                        #
#    Object file  =  D:\ProjectPath\STMPath\AC100_a0\Debug\Obj\stm8s_tim4.o   #
#                                                                             #
#                                                                             #
###############################################################################

D:\ProjectPath\STMPath\AC100_a0\sys\src\stm8s_tim4.c
      1          /**
      2            ******************************************************************************
      3            * @file    stm8s_tim4.c
      4            * @author  MCD Application Team
      5            * @version V2.0.0
      6            * @date    25-February-2011
      7            * @brief   This file contains all the functions for the TIM4 peripheral.
      8            ******************************************************************************
      9            * @attention
     10            *
     11            * THE PRESENT FIRMWARE WHICH IS FOR GUIDANCE ONLY AIMS AT PROVIDING CUSTOMERS
     12            * WITH CODING INFORMATION REGARDING THEIR PRODUCTS IN ORDER FOR THEM TO SAVE
     13            * TIME. AS A RESULT, STMICROELECTRONICS SHALL NOT BE HELD LIABLE FOR ANY
     14            * DIRECT, INDIRECT OR CONSEQUENTIAL DAMAGES WITH RESPECT TO ANY CLAIMS ARISING
     15            * FROM THE CONTENT OF SUCH FIRMWARE AND/OR THE USE MADE BY CUSTOMERS OF THE
     16            * CODING INFORMATION CONTAINED HEREIN IN CONNECTION WITH THEIR PRODUCTS.
     17            *
     18            * <h2><center>&copy; COPYRIGHT 2011 STMicroelectronics</center></h2>
     19            ******************************************************************************
     20            */
     21          
     22          /* Includes ------------------------------------------------------------------*/
     23          #include "stm8s_tim4.h"
     24          
     25          /** @addtogroup STM8S_StdPeriph_Driver
     26            * @{
     27            */
     28          /* Private typedef -----------------------------------------------------------*/
     29          /* Private define ------------------------------------------------------------*/
     30          /* Private macro -------------------------------------------------------------*/
     31          /* Private variables ---------------------------------------------------------*/
     32          /* Private function prototypes -----------------------------------------------*/
     33          /**
     34            * @addtogroup TIM4_Public_Functions
     35            * @{
     36            */
     37          
     38          /**
     39            * @brief  Deinitializes the TIM4 peripheral registers to their default reset values.
     40            * @param  None
     41            * @retval None
     42            */
     43          void TIM4_DeInit(void)
     44          {
     45              TIM4->CR1 = TIM4_CR1_RESET_VALUE;
     46              TIM4->IER = TIM4_IER_RESET_VALUE;
     47              TIM4->CNTR = TIM4_CNTR_RESET_VALUE;
     48              TIM4->PSCR = TIM4_PSCR_RESET_VALUE;
     49              TIM4->ARR = TIM4_ARR_RESET_VALUE;
     50              TIM4->SR1 = TIM4_SR1_RESET_VALUE;
     51          }
     52          
     53          /**
     54            * @brief  Initializes the TIM4 Time Base Unit according to the specified parameters.
     55            * @param    TIM4_Prescaler specifies the Prescaler from TIM4_Prescaler_TypeDef.
     56            * @param    TIM4_Period specifies the Period value.
     57            * @retval None
     58            */
     59          void TIM4_TimeBaseInit(TIM4_Prescaler_TypeDef TIM4_Prescaler, uint8_t TIM4_Period)
     60          {
     61              /* Check TIM4 prescaler value */
     62              assert_param(IS_TIM4_PRESCALER_OK(TIM4_Prescaler));
     63              /* Set the Prescaler value */
     64              TIM4->PSCR = (uint8_t)(TIM4_Prescaler);
     65              /* Set the Autoreload value */
     66              TIM4->ARR = (uint8_t)(TIM4_Period);
     67          }
     68          
     69          
     70          
     71          /**
     72            * @brief  Enables or disables the TIM4 peripheral.
     73            * @param   NewState new state of the TIM4 peripheral. This parameter can
     74            * be ENABLE or DISABLE.
     75            * @retval None
     76            */
     77          void TIM4_Cmd(FunctionalState NewState)
     78          {
     79              /* Check the parameters */
     80              assert_param(IS_FUNCTIONALSTATE_OK(NewState));
     81          
     82              /* set or Reset the CEN Bit */
     83              if (NewState != DISABLE)
     84              {
     85                  TIM4->CR1 |= TIM4_CR1_CEN;
     86              }
     87              else
     88              {
     89                  TIM4->CR1 &= (uint8_t)(~TIM4_CR1_CEN);
     90              }
     91          }
     92          
     93          /**
     94            * @brief  Enables or disables the specified TIM4 interrupts.
     95            * @param   NewState new state of the TIM4 peripheral.
     96            * This parameter can be: ENABLE or DISABLE.
     97            * @param   TIM4_IT specifies the TIM4 interrupts sources to be enabled or disabled.
     98            * This parameter can be any combination of the following values:
     99            * - TIM4_IT_UPDATE: TIM4 update Interrupt source
    100            * @param   NewState new state of the TIM4 peripheral.
    101            * @retval None
    102            */
    103          void TIM4_ITConfig(TIM4_IT_TypeDef TIM4_IT, FunctionalState NewState)
    104          {
    105              /* Check the parameters */
    106              assert_param(IS_TIM4_IT_OK(TIM4_IT));
    107              assert_param(IS_FUNCTIONALSTATE_OK(NewState));
    108          
    109              if (NewState != DISABLE)
    110              {
    111                  /* Enable the Interrupt sources */
    112                  TIM4->IER |= (uint8_t)TIM4_IT;
    113              }
    114              else
    115              {
    116                  /* Disable the Interrupt sources */
    117                  TIM4->IER &= (uint8_t)(~TIM4_IT);
    118              }
    119          }
    120          
    121          /**
    122            * @brief  Enables or Disables the TIM4 Update event.
    123            * @param   NewState new state of the TIM4 peripheral Preload register. This parameter can
    124            * be ENABLE or DISABLE.
    125            * @retval None
    126            */
    127          void TIM4_UpdateDisableConfig(FunctionalState NewState)
    128          {
    129              /* Check the parameters */
    130              assert_param(IS_FUNCTIONALSTATE_OK(NewState));
    131          
    132              /* Set or Reset the UDIS Bit */
    133              if (NewState != DISABLE)
    134              {
    135                  TIM4->CR1 |= TIM4_CR1_UDIS;
    136              }
    137              else
    138              {
    139                  TIM4->CR1 &= (uint8_t)(~TIM4_CR1_UDIS);
    140              }
    141          }
    142          
    143          /**
    144            * @brief  Selects the TIM4 Update Request Interrupt source.
    145            * @param   TIM4_UpdateSource specifies the Update source.
    146            * This parameter can be one of the following values
    147            *                       - TIM4_UPDATESOURCE_REGULAR
    148            *                       - TIM4_UPDATESOURCE_GLOBAL
    149            * @retval None
    150            */
    151          void TIM4_UpdateRequestConfig(TIM4_UpdateSource_TypeDef TIM4_UpdateSource)
    152          {
    153              /* Check the parameters */
    154              assert_param(IS_TIM4_UPDATE_SOURCE_OK(TIM4_UpdateSource));
    155          
    156              /* Set or Reset the URS Bit */
    157              if (TIM4_UpdateSource != TIM4_UPDATESOURCE_GLOBAL)
    158              {
    159                  TIM4->CR1 |= TIM4_CR1_URS;
    160              }
    161              else
    162              {
    163                  TIM4->CR1 &= (uint8_t)(~TIM4_CR1_URS);
    164              }
    165          }
    166          
    167          /**
    168            * @brief  Selects the TIM4’s One Pulse Mode.
    169            * @param   TIM4_OPMode specifies the OPM Mode to be used.
    170            * This parameter can be one of the following values
    171            *                    - TIM4_OPMODE_SINGLE
    172            *                    - TIM4_OPMODE_REPETITIVE
    173            * @retval None
    174            */
    175          void TIM4_SelectOnePulseMode(TIM4_OPMode_TypeDef TIM4_OPMode)
    176          {
    177              /* Check the parameters */
    178              assert_param(IS_TIM4_OPM_MODE_OK(TIM4_OPMode));
    179          
    180              /* Set or Reset the OPM Bit */
    181              if (TIM4_OPMode != TIM4_OPMODE_REPETITIVE)
    182              {
    183                  TIM4->CR1 |= TIM4_CR1_OPM;
    184              }
    185              else
    186              {
    187                  TIM4->CR1 &= (uint8_t)(~TIM4_CR1_OPM);
    188              }
    189          
    190          }
    191          
    192          /**
    193            * @brief  Configures the TIM4 Prescaler.
    194            * @param   Prescaler specifies the Prescaler Register value
    195            * This parameter can be one of the following values
    196            *                       -  TIM4_PRESCALER_1
    197            *                       -  TIM4_PRESCALER_2
    198            *                       -  TIM4_PRESCALER_4
    199            *                       -  TIM4_PRESCALER_8
    200            *                       -  TIM4_PRESCALER_16
    201            *                       -  TIM4_PRESCALER_32
    202            *                       -  TIM4_PRESCALER_64
    203            *                       -  TIM4_PRESCALER_128
    204            * @param   TIM4_PSCReloadMode specifies the TIM4 Prescaler Reload mode.
    205            * This parameter can be one of the following values
    206            *                       - TIM4_PSCRELOADMODE_IMMEDIATE: The Prescaler is loaded
    207            *                         immediatly.
    208            *                       - TIM4_PSCRELOADMODE_UPDATE: The Prescaler is loaded at
    209            *                         the update event.
    210            * @retval None
    211            */
    212          void TIM4_PrescalerConfig(TIM4_Prescaler_TypeDef Prescaler, TIM4_PSCReloadMode_TypeDef TIM4_PSCReloadMode)
    213          {
    214              /* Check the parameters */
    215              assert_param(IS_TIM4_PRESCALER_RELOAD_OK(TIM4_PSCReloadMode));
    216              assert_param(IS_TIM4_PRESCALER_OK(Prescaler));
    217          
    218              /* Set the Prescaler value */
    219              TIM4->PSCR = (uint8_t)Prescaler;
    220          
    221              /* Set or reset the UG Bit */
    222              TIM4->EGR = (uint8_t)TIM4_PSCReloadMode;
    223          }
    224          
    225          /**
    226            * @brief  Enables or disables TIM4 peripheral Preload register on ARR.
    227            * @param   NewState new state of the TIM4 peripheral Preload register.
    228            * This parameter can be ENABLE or DISABLE.
    229            * @retval None
    230            */
    231          void TIM4_ARRPreloadConfig(FunctionalState NewState)
    232          {
    233              /* Check the parameters */
    234              assert_param(IS_FUNCTIONALSTATE_OK(NewState));
    235          
    236              /* Set or Reset the ARPE Bit */
    237              if (NewState != DISABLE)
    238              {
    239                  TIM4->CR1 |= TIM4_CR1_ARPE;
    240              }
    241              else
    242              {
    243                  TIM4->CR1 &= (uint8_t)(~TIM4_CR1_ARPE);
    244              }
    245          }
    246          
    247          /**
    248            * @brief  Configures the TIM4 event to be generated by software.
    249            * @param   TIM4_EventSource specifies the event source.
    250            * This parameter can be one of the following values:
    251            *                       - TIM4_EVENTSOURCE_UPDATE: TIM4 update Event source
    252            * @retval None
    253            */
    254          void TIM4_GenerateEvent(TIM4_EventSource_TypeDef TIM4_EventSource)
    255          {
    256              /* Check the parameters */
    257              assert_param(IS_TIM4_EVENT_SOURCE_OK(TIM4_EventSource));
    258          
    259              /* Set the event sources */
    260              TIM4->EGR = (uint8_t)(TIM4_EventSource);
    261          }
    262          
    263          
    264          /**
    265            * @brief  Sets the TIM4 Counter Register value.
    266            * @param   Counter specifies the Counter register new value.
    267            * This parameter is between 0x00 and 0xFF.
    268            * @retval None
    269            */
    270          void TIM4_SetCounter(uint8_t Counter)
    271          {
    272              /* Set the Counter Register value */
    273              TIM4->CNTR = (uint8_t)(Counter);
    274          }
    275          
    276          
    277          /**
    278            * @brief  Sets the TIM4 Autoreload Register value.
    279            * @param   Autoreload specifies the Autoreload register new value.
    280            * This parameter is between 0x00 and 0xFF.
    281            * @retval None
    282            */
    283          void TIM4_SetAutoreload(uint8_t Autoreload)
    284          {
    285              /* Set the Autoreload Register value */
    286              TIM4->ARR = (uint8_t)(Autoreload);
    287          }
    288          
    289          /**
    290            * @brief  Gets the TIM4 Counter value.
    291            * @param  None
    292            * @retval Counter Register value.
    293            */
    294          uint8_t TIM4_GetCounter(void)
    295          {
    296              /* Get the Counter Register value */
    297              return (uint8_t)(TIM4->CNTR);
    298          }
    299          
    300          /**
    301            * @brief  Gets the TIM4 Prescaler value.
    302            * @param  None
    303            * @retval Prescaler Register configuration value.
    304            */
    305          TIM4_Prescaler_TypeDef TIM4_GetPrescaler(void)
    306          {
    307              /* Get the Prescaler Register value */
    308              return (TIM4_Prescaler_TypeDef)(TIM4->PSCR);
    309          }
    310          
    311          /**
    312            * @brief  Checks whether the specified TIM4 flag is set or not.
    313            * @param   TIM4_FLAG specifies the flag to check.
    314            * This parameter can be one of the following values:
    315            *                       - TIM4_FLAG_UPDATE: TIM4 update Flag
    316            * @retval FlagStatus The new state of TIM4_FLAG (SET or RESET).
    317            */
    318          FlagStatus TIM4_GetFlagStatus(TIM4_FLAG_TypeDef TIM4_FLAG)
    319          {
    320              FlagStatus bitstatus = RESET;
    321            
    322              /* Check the parameters */
    323              assert_param(IS_TIM4_GET_FLAG_OK(TIM4_FLAG));
    324          
    325            if ((TIM4->SR1 & (uint8_t)TIM4_FLAG)  != 0)
    326            {
    327              bitstatus = SET;
    328            }
    329            else
    330            {
    331              bitstatus = RESET;
    332            }
    333            return ((FlagStatus)bitstatus);
    334          }
    335          
    336          /**
    337            * @brief  Clears the TIM4’s pending flags.
    338            * @param   TIM4_FLAG specifies the flag to clear.
    339            * This parameter can be one of the following values:
    340            *                       - TIM4_FLAG_UPDATE: TIM4 update Flag
    341            * @retval None.
    342            */
    343          void TIM4_ClearFlag(TIM4_FLAG_TypeDef TIM4_FLAG)
    344          {
    345              /* Check the parameters */
    346              assert_param(IS_TIM4_GET_FLAG_OK(TIM4_FLAG));
    347          
    348              /* Clear the flags (rc_w0) clear this bit by writing 0. Writing ‘1’ has no effect*/
    349              TIM4->SR1 = (uint8_t)(~TIM4_FLAG);
    350          
    351          }
    352          /**
    353            * @brief  Checks whether the TIM4 interrupt has occurred or not.
    354            * @param   TIM4_IT specifies the TIM4 interrupt source to check.
    355            * This parameter can be one of the following values:
    356            *                       - TIM4_IT_UPDATE: TIM4 update Interrupt source
    357            * @retval ITStatus The new state of the TIM4_IT (SET or RESET).
    358            */
    359          
    360          ITStatus TIM4_GetITStatus(TIM4_IT_TypeDef TIM4_IT)
    361          {
    362              ITStatus bitstatus = RESET;
    363          
    364            uint8_t itstatus = 0x0, itenable = 0x0;
    365          
    366            /* Check the parameters */
    367            assert_param(IS_TIM4_IT_OK(TIM4_IT));
    368          
    369            itstatus = (uint8_t)(TIM4->SR1 & (uint8_t)TIM4_IT);
    370          
    371            itenable = (uint8_t)(TIM4->IER & (uint8_t)TIM4_IT);
    372          
    373            if ((itstatus != (uint8_t)RESET ) && (itenable != (uint8_t)RESET ))
    374            {
    375              bitstatus = (ITStatus)SET;
    376            }
    377            else
    378            {
    379              bitstatus = (ITStatus)RESET;
    380            }
    381            return ((ITStatus)bitstatus);
    382          }
    383          
    384          /**
    385            * @brief  Clears the TIM4's interrupt pending bits.
    386            * @param   TIM4_IT specifies the pending bit to clear.
    387            * This parameter can be one of the following values:
    388            *                       - TIM4_IT_UPDATE: TIM4 update Interrupt source
    389            * @retval None.
    390            */
    391          void TIM4_ClearITPendingBit(TIM4_IT_TypeDef TIM4_IT)
    392          {
    393              /* Check the parameters */
    394              assert_param(IS_TIM4_IT_OK(TIM4_IT));
    395          
    396              /* Clear the IT pending Bit */
    397              TIM4->SR1 = (uint8_t)(~TIM4_IT);
    398          }
    399          
    400          /**
    401            * @}
    402            */
    403            
    404            /**
    405            * @}
    406            */
    407            
    408          /******************* (C) COPYRIGHT 2011 STMicroelectronics *****END OF FILE****/

   Section sizes:

     Function/Label           Bytes
     --------------           -----
     TIM4_DeInit                25
     TIM4_TimeBaseInit           9
     TIM4_Cmd                   13
     TIM4_ITConfig              19
     TIM4_UpdateDisableConfig   13
     TIM4_UpdateRequestConfig   13
     TIM4_SelectOnePulseMode    13
     TIM4_PrescalerConfig        9
     TIM4_ARRPreloadConfig      13
     TIM4_GenerateEvent          4
     TIM4_SetCounter             4
     TIM4_SetAutoreload          4
     TIM4_GetCounter             4
     TIM4_GetPrescaler           4
     TIM4_GetFlagStatus         10
     TIM4_ClearFlag              5
     TIM4_GetITStatus           24
     TIM4_ClearITPendingBit      5

 
 191 bytes in section .near_func.text
 
 191 bytes of CODE memory

Errors: none
Warnings: none
