###############################################################################
#                                                                             #
# IAR C/C++ Compiler V1.31.1.20058 [Evaluation] for STM831/Mar/2016  15:50:22 #
# Copyright 2010-2012 IAR Systems AB.                                         #
#                                                                             #
#    Source file  =  D:\ProjectPath\STMPath\AC100_a0\sys\src\stm8s_it.c       #
#    Command line =  D:\ProjectPath\STMPath\AC100_a0\sys\src\stm8s_it.c -e    #
#                    -Om --no_unroll --no_inline --no_tbaa --no_cross_call    #
#                    --debug --code_model small --data_model medium -o        #
#                    D:\ProjectPath\STMPath\AC100_a0\Debug\Obj\               #
#                    --dlib_config "C:\Program Files\IAR Systems\Embedded     #
#                    Workbench 6.0 Evaluation\stm8\LIB\dlstm8smn.h" -lcN      #
#                    D:\ProjectPath\STMPath\AC100_a0\Debug\List\ -I           #
#                    D:\ProjectPath\STMPath\AC100_a0/user/\ -I                #
#                    D:\ProjectPath\STMPath\AC100_a0/user/src/\ -I            #
#                    D:\ProjectPath\STMPath\AC100_a0/user/inc/\ -I            #
#                    D:\ProjectPath\STMPath\AC100_a0/addon/\ -I               #
#                    D:\ProjectPath\STMPath\AC100_a0/addon/src/\ -I           #
#                    D:\ProjectPath\STMPath\AC100_a0/addon/inc/\ -I           #
#                    D:\ProjectPath\STMPath\AC100_a0/sys/\ -I                 #
#                    D:\ProjectPath\STMPath\AC100_a0/sys/inc/\ -I             #
#                    D:\ProjectPath\STMPath\AC100_a0/sys/src/\ -I             #
#                    D:\ProjectPath\STMPath\AC100_a0/lib/\ -I                 #
#                    D:\ProjectPath\STMPath\AC100_a0/lib/src/\ -I             #
#                    D:\ProjectPath\STMPath\AC100_a0/lib/inc/\ --vregs 16     #
#    List file    =  D:\ProjectPath\STMPath\AC100_a0\Debug\List\stm8s_it.lst  #
#    Object file  =  D:\ProjectPath\STMPath\AC100_a0\Debug\Obj\stm8s_it.o     #
#                                                                             #
#                                                                             #
###############################################################################

D:\ProjectPath\STMPath\AC100_a0\sys\src\stm8s_it.c
      1          /**
      2            ******************************************************************************
      3            * @file stm8s_it.c
      4            * @author STMicroelectronics - MCD Application Team
      5            * @version V2.0.0
      6            * @date 15-March-2011
      7            * @brief Main Interrupt Service Routines.
      8            ******************************************************************************
      9            * @attention
     10            *
     11            * THE PRESENT FIRMWARE WHICH IS FOR GUIDANCE ONLY AIMS AT PROVIDING CUSTOMERS
     12            * WITH CODING INFORMATION REGARDING THEIR PRODUCTS IN ORDER FOR THEM TO SAVE
     13            * TIME. AS A RESULT, STMICROELECTRONICS SHALL NOT BE HELD LIABLE FOR ANY
     14            * DIRECT, INDIRECT OR CONSEQUENTIAL DAMAGES WITH RESPECT TO ANY CLAIMS ARISING
     15            * FROM THE CONTENT OF SUCH FIRMWARE AND/OR THE USE MADE BY CUSTOMERS OF THE
     16            * CODING INFORMATION CONTAINED HEREIN IN CONNECTION WITH THEIR PRODUCTS.
     17            *
     18            * <h2><center>&copy; COPYRIGHT 2011 STMicroelectronics</center></h2>
     19            ******************************************************************************
     20            */ 
     21          
     22          /* Includes ------------------------------------------------------------------
     23          */
     24          #include "stm8s_it.h"
     25          #include "stm8s_tim4.h"
     26          #include "sysctrl.h"
     27          //#include "uart.h"
     28          #include "iostm8s003f3.h" 
     29          #include "user.h"
     30          #include "macro_def.h"
     31          
     32          #define   DIS_GIE    asm("sim")
     33          #define   EN_GIE     asm("rim")
     34           
     35            
     36          /** @addtogroup TIM2_OC_ActiveMode
     37            * @{
     38            */
     39          #ifdef _COSMIC_
     40          /**
     41            * @brief  Dummy interrupt routine
     42            * @param  None
     43            * @retval None
     44            */
     45          INTERRUPT_HANDLER(NonHandledInterrupt, 25)
     46          {
     47            /* In order to detect unexpected events during development,
     48               it is recommended to set a breakpoint on the following instruction.
     49            */
     50            nop();
     51          }
     52          #endif /*_COSMIC_*/
     53          
     54          /**
     55            * @brief  TRAP interrupt routine
     56            * @param  None
     57            * @retval None
     58            */
     59          INTERRUPT_HANDLER_TRAP(TRAP_IRQHandler)
     60          {
     61            /* In order to detect unexpected events during development,
     62               it is recommended to set a breakpoint on the following instruction.
     63            */
     64            nop();
     65          }
     66          /**
     67            * @brief  Top Level Interrupt routine
     68            * @param  None
     69            * @retval None
     70            */
     71          INTERRUPT_HANDLER(TLI_IRQHandler, 0)
     72          {
     73            /* In order to detect unexpected events during development,
     74               it is recommended to set a breakpoint on the following instruction.
     75            */
     76            nop();
     77          }
     78          
     79          /**
     80            * @brief  Auto Wake Up Interrupt routine
     81            * @param  None
     82            * @retval None
     83            */
     84          INTERRUPT_HANDLER(AWU_IRQHandler, 1)
     85          {
     86            /* In order to detect unexpected events during development,
     87               it is recommended to set a breakpoint on the following instruction.
     88            */
     89             nop();
     90          }
     91          
     92          /**
     93            * @brief  Clock Controller Interrupt routine
     94            * @param  None
     95            * @retval None
     96            */
     97          INTERRUPT_HANDLER(CLK_IRQHandler, 2)
     98          {
     99            /* In order to detect unexpected events during development,
    100               it is recommended to set a breakpoint on the following instruction.
    101            */
    102            nop();
    103          }
    104          
    105          /**
    106            * @brief  External Interrupt PORTA Interrupt routine
    107            * @param  None
    108            * @retval None
    109            */
    110          INTERRUPT_HANDLER(EXTI_PORTA_IRQHandler, 3)
    111          {
    112            /* In order to detect unexpected events during development,
    113               it is recommended to set a breakpoint on the following instruction.
    114            */ 
    115              nop();
    116             
    117          }
    118          
    119          /**
    120            * @brief  External Interrupt PORTB Interrupt routine
    121            * @param  None
    122            * @retval None
    123            */
    124          INTERRUPT_HANDLER(EXTI_PORTB_IRQHandler, 4)
    125          {
    126            /* In order to detect unexpected events during development,
    127               it is recommended to set a breakpoint on the following instruction.
    128            */
    129            nop(); 
    130            //GPIO_Init(GPIOB, GPIO_PIN_5, GPIO_MODE_IN_PU_NO_IT);        //KEY1
    131          }
    132          ////////////////////////////////////////////////////////////////////////////////////////////////////////////
    133          /**
    134            * @brief  External Interrupt PORTC Interrupt routine
    135            * @param  None
    136            * @retval None
    137            */
    138          INTERRUPT_HANDLER(EXTI_PORTC_IRQHandler, 5)
    139          {
    140            /* In order to detect unexpected events during development,
    141               it is recommended to set a breakpoint on the following instruction.
    142            */
    143            nop();
    144            
    145          }
    146          
    147          /**
    148            * @brief  External Interrupt PORTD Interrupt routine
    149            * @param  None
    150            * @retval None
    151            */
    152          INTERRUPT_HANDLER(EXTI_PORTD_IRQHandler, 6)
    153          {
    154            /* In order to detect unexpected events during development,
    155               it is recommended to set a breakpoint on the following instruction.
    156            */
    157            nop();  
    158            /**/ 
    159          }
    160          
    161          /**
    162            * @brief  External Interrupt PORTE Interrupt routine
    163            * @param  None
    164            * @retval None
    165            */
    166          INTERRUPT_HANDLER(EXTI_PORTE_IRQHandler, 7)
    167          {
    168            /* In order to detect unexpected events during development,
    169               it is recommended to set a breakpoint on the following instruction.
    170            */
    171            nop();
    172          }
    173          #ifdef STM8S903
    174          /**
    175            * @brief  External Interrupt PORTF Interrupt routine
    176            * @param  None
    177            * @retval None
    178            */
    179           INTERRUPT_HANDLER(EXTI_PORTF_IRQHandler, 8)
    180          {
    181            /* In order to detect unexpected events during development,
    182               it is recommended to set a breakpoint on the following instruction.
    183            */
    184            nop();
    185          }
    186          #endif /*STM8S903*/
    187          
    188          #if defined (STM8S208) || defined (STM8AF52Ax)
    189          /**
    190            * @brief CAN RX Interrupt routine.
    191            * @param  None
    192            * @retval None
    193            */
    194           INTERRUPT_HANDLER(CAN_RX_IRQHandler, 8)
    195          {
    196            /* In order to detect unexpected events during development,
    197               it is recommended to set a breakpoint on the following instruction.
    198            */
    199          }
    200          
    201          /**
    202            * @brief  CAN TX Interrupt routine
    203            * @param  None
    204            * @retval None
    205            */
    206           INTERRUPT_HANDLER(CAN_TX_IRQHandler, 9)
    207          {
    208            /* In order to detect unexpected events during development,
    209               it is recommended to set a breakpoint on the following instruction.
    210            */
    211          }
    212          #endif /*STM8S208 || STM8AF52Ax */
    213          
    214          /**
    215            * @brief  SPI Interrupt routine
    216            * @param  None
    217            * @retval None
    218            */
    219          INTERRUPT_HANDLER(SPI_IRQHandler, 10)
    220          {
    221            /* In order to detect unexpected events during development,
    222               it is recommended to set a breakpoint on the following instruction.
    223            */
    224            nop();
    225          }
    226          
    227          /**
    228            * @brief  Timer1 Update/Overflow/Trigger/Break Interrupt routine
    229            * @param  None
    230            * @retval None
    231            */
    232          INTERRUPT_HANDLER(TIM1_UPD_OVF_TRG_BRK_IRQHandler, 11)
    233          {
    234            /* In order to detect unexpected events during development,
    235               it is recommended to set a breakpoint on the following instruction.
    236            */
    237            
    238          //FOR DEBUG  
    239          //1MS INTERRUPT FOR USER CODE 
    240            //TIM1_ClearFlag(TIM1_FLAG_UPDATE);  
    241            //TimerCnt();  
    242          //FOR DEBUG  
    243            nop();
    244          
    245            
    246          }
    247          
    248          /**
    249            * @brief  Timer1 Capture/Compare Interrupt routine
    250            * @param  None
    251            * @retval None
    252            */
    253          INTERRUPT_HANDLER(TIM1_CAP_COM_IRQHandler, 12)
    254          {
    255            /* In order to detect unexpected events during development,
    256               it is recommended to set a breakpoint on the following instruction.
    257            */
    258            nop();
    259          }
    260          
    261          #ifdef STM8S903
    262          /**
    263            * @brief  Timer5 Update/Overflow/Break/Trigger Interrupt routine
    264            * @param  None
    265            * @retval None
    266            */
    267           INTERRUPT_HANDLER(TIM5_UPD_OVF_BRK_TRG_IRQHandler, 13)
    268          {
    269            /* In order to detect unexpected events during development,
    270               it is recommended to set a breakpoint on the following instruction.
    271            */
    272            nop();
    273          }
    274          /**
    275            * @brief  Timer5 Capture/Compare Interrupt routine
    276            * @param  None
    277            * @retval None
    278            */
    279          
    280           INTERRUPT_HANDLER(TIM5_CAP_COM_IRQHandler, 14)
    281          {
    282            /* In order to detect unexpected events during development,
    283               it is recommended to set a breakpoint on the following instruction.
    284            */
    285            nop();
    286          }
    287          
    288          #else /*STM8S208, STM8S207, STM8S105 or STM8S103 or STM8AF62Ax or STM8AF52Ax or STM8AF626x */
    289          /**
    290            * @brief  Timer2 Update/Overflow/Break Interrupt routine
    291            * @param  None
    292            * @retval None
    293            */
    294           INTERRUPT_HANDLER(TIM2_UPD_OVF_BRK_IRQHandler, 13)
    295          {
    296            /* In order to detect unexpected events during development,
    297               it is recommended to set a breakpoint on the following instruction.
    298            */ 
    299            nop();
    300            TIM2_SR1 &= ~0x01; //10ms
    301            
    302            if(0)//(Bits_flag.DisCurOv || Bits_flag.DisOv)
    303            {
    304              CON_OFF();
    305            }
    306            else
    307            {
    308              CON_XOR();
    309            }
    310            //=========================================工作模式切换延时时间
    311            if(ChargeMode_Exchange_Delay < 255)
    312            {
    313              ChargeMode_Exchange_Delay += 1;
    314            }
    315            if(DischargeMode_Exchange_Delay < 255)
    316            {
    317              DischargeMode_Exchange_Delay += 1;
    318            }
    319            if(IdleMode_Exchange_Delay < 255)
    320            {
    321              IdleMode_Exchange_Delay += 1;
    322            }
    323            //========================================================
    324            if(LedShow_Flash_t < 6000)
    325            {
    326              LedShow_Flash_t += 1;
    327            }
    328            if(WorkMode == CHARGE_MODE)  
    329            { 
    330              if(ChgOv_t < MAX_UINT16_NUM)
    331              {
    332                ChgOv_t += 1;
    333              }
    334              if(Bits_flag.ChgCurOv)
    335              {
    336                if( ChgCurOv_Re_t < MAX_UINT16_NUM)
    337                {
    338                  ChgCurOv_Re_t += 1;
    339                }
    340              }
    341              else
    342              {
    343                ChgCurOv_Re_t = 0;
    344              }
    345            }
    346            else if(WorkMode == DISCHARGE_MODE)
    347            { 
    348              if(DisOv_t < MAX_UINT16_NUM)
    349              {
    350                DisOv_t += 1;
    351              }
    352              if(DisCurOv_II_t < MAX_UINT16_NUM)
    353              {
    354                DisCurOv_II_t += 1;
    355              }
    356              if(DisCurOv_I_t < MAX_UINT16_NUM)
    357              {
    358                DisCurOv_I_t += 1;
    359              } 
    360              if(Bits_flag.DisCurOv)
    361              {
    362                if(DisCurOv_Re_t < MAX_UINT16_NUM)
    363                {
    364                  DisCurOv_Re_t += 1; 
    365                } 
    366              }
    367              else
    368              {
    369                DisCurOv_Re_t = 0;
    370              }
    371                
    372                 
    373            }   
    374          }
    375          
    376          /**
    377            * @brief  Timer2 Capture/Compare Interrupt routine
    378            * @param  None
    379            * @retval None
    380            */
    381           INTERRUPT_HANDLER(TIM2_CAP_COM_IRQHandler, 14)
    382          {
    383            /* In order to detect unexpected events during development,
    384               it is recommended to set a breakpoint on the following instruction.
    385            */
    386            nop();
    387          }
    388          #endif /*STM8S903*/
    389          
    390          #if defined (STM8S208) || defined(STM8S207) || defined(STM8S105) || defined (STM8AF62Ax) ||\
    391              defined (STM8AF52Ax) || defined (STM8AF626x)
    392          /**
    393            * @brief Timer3 Update/Overflow/Break Interrupt routine.
    394            * @param  None
    395            * @retval None
    396            */
    397           INTERRUPT_HANDLER(TIM3_UPD_OVF_BRK_IRQHandler, 15)
    398          {
    399            /* In order to detect unexpected events during development,
    400               it is recommended to set a breakpoint on the following instruction.
    401            */
    402            nop();
    403          }
    404          
    405          /**
    406            * @brief  Timer3 Capture/Compare Interrupt routine
    407            * @param  None
    408            * @retval None
    409            */
    410           INTERRUPT_HANDLER(TIM3_CAP_COM_IRQHandler, 16)
    411          {
    412            /* In order to detect unexpected events during development,
    413               it is recommended to set a breakpoint on the following instruction.
    414            */
    415            nop();
    416          }
    417          #endif /*STM8S208, STM8S207 or STM8S105 or STM8AF62Ax or STM8AF52Ax or STM8AF626x */
    418          
    419          #if defined (STM8S208) || defined(STM8S207) || defined(STM8S103) || defined (STM8AF62Ax) ||\
    420              defined (STM8AF52Ax) || defined (STM8S903)
    421          /**
    422            * @brief  UART1 TX Interrupt routine
    423            * @param  None
    424            * @retval None
    425            */
    426           INTERRUPT_HANDLER(UART1_TX_IRQHandler, 17)
    427          {
    428            /* In order to detect unexpected events during development,
    429               it is recommended to set a breakpoint on the following instruction.
    430            */
    431            nop();
    432            //UART1_ClearFlag(UART1_FLAG_RXNE); 
    433            //if(*str!=0)
    434            //UART1_SendData8(*srt);
    435            //srt++;
    436          
    437            
    438          }
    439          
    440          /**
    441            * @brief  UART1 RX Interrupt routine
    442            * @param  None
    443            * @retval None
    444            */
    445           INTERRUPT_HANDLER(UART1_RX_IRQHandler, 18)
    446          {
    447            /* In order to detect unexpected events during development,
    448               it is recommended to set a breakpoint on the following instruction.
    449            */
    450            
    451            //UART1_ClearFlag(UART1_FLAG_RXNE); 
    452            //Uart1DataReceived();
    453            //UART1_SR &=0xD7;
    454            //UART_Revc = UART1_DR; 
    455          }
    456          #endif /*STM8S105*/
    457          
    458          /**
    459            * @brief  I2C Interrupt routine
    460            * @param  None
    461            * @retval None
    462            */
    463          INTERRUPT_HANDLER(I2C_IRQHandler, 19)
    464          {
    465            /* In order to detect unexpected events during development,
    466               it is recommended to set a breakpoint on the following instruction.
    467            */
    468            nop();
    469          }
    470          
    471          #if defined (STM8S105) || defined (STM8AF626x)
    472          /**
    473            * @brief  UART2 TX interrupt routine.
    474            * @param  None
    475            * @retval None
    476            */
    477           INTERRUPT_HANDLER(UART2_TX_IRQHandler, 20)
    478          {
    479              /* In order to detect unexpected events during development,
    480                 it is recommended to set a breakpoint on the following instruction.
    481              */
    482            nop();
    483            }
    484          
    485          /**
    486            * @brief  UART2 RX interrupt routine.
    487            * @param  None
    488            * @retval None
    489            */
    490           INTERRUPT_HANDLER(UART2_RX_IRQHandler, 21)
    491          {
    492              /* In order to detect unexpected events during development,
    493                 it is recommended to set a breakpoint on the following instruction.
    494              */
    495            nop();
    496            }
    497          #endif /* STM8S105*/
    498          
    499          #if defined(STM8S207) || defined(STM8S208) || defined (STM8AF52Ax) || defined (STM8AF62Ax)
    500          /**
    501            * @brief  UART3 TX interrupt routine.
    502            * @param  None
    503            * @retval None
    504            */
    505           INTERRUPT_HANDLER(UART3_TX_IRQHandler, 20)
    506          {
    507              /* In order to detect unexpected events during development,
    508                 it is recommended to set a breakpoint on the following instruction.
    509              */
    510            nop();
    511            }
    512          
    513          /**
    514            * @brief  UART3 RX interrupt routine.
    515            * @param  None
    516            * @retval None
    517            */
    518           INTERRUPT_HANDLER(UART3_RX_IRQHandler, 21)
    519          {
    520              /* In order to detect unexpected events during development,
    521                 it is recommended to set a breakpoint on the following instruction.
    522              */
    523            nop();
    524            }
    525          #endif /*STM8S208 or STM8S207 or STM8AF52Ax or STM8AF62Ax */
    526          
    527          #if defined(STM8S207) || defined(STM8S208) || defined (STM8AF52Ax) || defined (STM8AF62Ax)
    528          /**
    529            * @brief  ADC2 interrupt routine.
    530            * @param  None
    531            * @retval None
    532            */
    533           INTERRUPT_HANDLER(ADC2_IRQHandler, 22)
    534          {
    535          
    536              /* In order to detect unexpected events during development,
    537                 it is recommended to set a breakpoint on the following instruction.
    538              */
    539            nop();
    540              return;
    541          
    542          }
    543          #else /*STM8S105, STM8S103 or STM8S903 or STM8AF626x */
    544          /**
    545            * @brief  ADC1 interrupt routine.
    546            * @param  None
    547            * @retval None
    548            */
    549           INTERRUPT_HANDLER(ADC1_IRQHandler, 22)
    550          {
    551          
    552              /* In order to detect unexpected events during development,
    553                 it is recommended to set a breakpoint on the following instruction.
    554              */
    555            nop();
    556              return;
    557          
    558          }
    559          #endif /*STM8S208 or STM8S207 or STM8AF52Ax or STM8AF62Ax */
    560          
    561          #ifdef STM8S903
    562          /**
    563            * @brief  Timer6 Update/Overflow/Trigger Interrupt routine
    564            * @param  None
    565            * @retval None
    566            */
    567          INTERRUPT_HANDLER(TIM6_UPD_OVF_TRG_IRQHandler, 23)
    568          {
    569            /* In order to detect unexpected events during development,
    570               it is recommended to set a breakpoint on the following instruction.
    571            */
    572          //200uS INTERRUPT FOR USER CODE 
    573           TIM6_ClearFlag(TIM6_FLAG_UPDATE);
    574          
    575            nop();
    576           //TIM6_SR1 = 0x00;
    577          //--------------------test only
    578          
    579           //GPIO_WriteReverse(GPIOD, GPIO_PIN_2 | GPIO_PIN_3 |GPIO_PIN_4 |GPIO_PIN_5);
    580          
    581            
    582              
    583            }  
    584          #else /*STM8S208, STM8S207, STM8S105 or STM8S103 or STM8AF62Ax or STM8AF52Ax or STM8AF626x */
    585          /**
    586            * @brief  Timer4 Update/Overflow Interrupt routine
    587            * @param  None
    588            * @retval None
    589            */
    590           INTERRUPT_HANDLER(TIM4_UPD_OVF_IRQHandler, 23)
    591          { 
    592             TIM4->SR1 &= 0xFE;   
    593             //-------------------extern unsigned int DisLedW_t,DisLedW_tt; 
    594              
    595             
    596             //==================================== 
    597          }
    598          #endif /*STM8S903*/
    599          
    600          /**
    601            * @brief  Eeprom EEC Interrupt routine
    602            * @param  None
    603            * @retval None
    604            */
    605          INTERRUPT_HANDLER(EEPROM_EEC_IRQHandler, 24)
    606          {
    607            /* In order to detect unexpected events during development,
    608               it is recommended to set a breakpoint on the following instruction.
    609            */
    610          }
    611          
    612          /**
    613            * @}
    614            */
    615          
    616          /******************* (C) COPYRIGHT 2011 STMicroelectronics *****END OF FILE****/

   Section sizes:

     Function/Label                 Bytes
     --------------                 -----
     _A_TIM2_SR1                       1
     TRAP_IRQHandler                   2
     TLI_IRQHandler                    2
     AWU_IRQHandler                    2
     CLK_IRQHandler                    2
     EXTI_PORTA_IRQHandler             2
     EXTI_PORTB_IRQHandler             2
     EXTI_PORTC_IRQHandler             2
     EXTI_PORTD_IRQHandler             2
     EXTI_PORTE_IRQHandler             2
     SPI_IRQHandler                    2
     TIM1_UPD_OVF_TRG_BRK_IRQHandler
                                       2
     TIM1_CAP_COM_IRQHandler           2
     TIM2_UPD_OVF_BRK_IRQHandler     191
     TIM2_CAP_COM_IRQHandler           2
     UART1_TX_IRQHandler               2
     UART1_RX_IRQHandler               1
     I2C_IRQHandler                    2
     ADC1_IRQHandler                   2
     TIM4_UPD_OVF_IRQHandler           5
     EEPROM_EEC_IRQHandler             1

 
   1 byte  in section .near.noinit
 230 bytes in section .near_func.text
 
 230 bytes of CODE memory
   0 bytes of DATA memory (+ 1 byte shared)

Errors: none
Warnings: none
