###############################################################################
#                                                                             #
# IAR C/C++ Compiler V1.31.1.20058 [Evaluation] for STM811/Apr/2015  10:45:32 #
# Copyright 2010-2012 IAR Systems AB.                                         #
#                                                                             #
#    Source file  =  D:\STMPath\26X9010(MPP 2IN1)\lib\src\stm8s_iwdg.c        #
#    Command line =  "D:\STMPath\26X9010(MPP 2IN1)\lib\src\stm8s_iwdg.c" -e   #
#                    -Ohz --debug --code_model small --data_model medium -o   #
#                    "D:\STMPath\26X9010(MPP 2IN1)\Debug\Obj\" --dlib_config  #
#                    "C:\Program Files\IAR Systems\Embedded Workbench 6.0     #
#                    Evaluation\stm8\LIB\dlstm8smn.h" -lcN                    #
#                    "D:\STMPath\26X9010(MPP 2IN1)\Debug\List\" -I            #
#                    "D:\STMPath\26X9010(MPP 2IN1)/user/\" -I                 #
#                    "D:\STMPath\26X9010(MPP 2IN1)/user/src/\" -I             #
#                    "D:\STMPath\26X9010(MPP 2IN1)/user/inc/\" -I             #
#                    "D:\STMPath\26X9010(MPP 2IN1)/addon/\" -I                #
#                    "D:\STMPath\26X9010(MPP 2IN1)/addon/src/\" -I            #
#                    "D:\STMPath\26X9010(MPP 2IN1)/addon/inc/\" -I            #
#                    "D:\STMPath\26X9010(MPP 2IN1)/sys/\" -I                  #
#                    "D:\STMPath\26X9010(MPP 2IN1)/sys/inc/\" -I              #
#                    "D:\STMPath\26X9010(MPP 2IN1)/sys/src/\" -I              #
#                    "D:\STMPath\26X9010(MPP 2IN1)/lib/\" -I                  #
#                    "D:\STMPath\26X9010(MPP 2IN1)/lib/src/\" -I              #
#                    "D:\STMPath\26X9010(MPP 2IN1)/lib/inc/\" --vregs 16      #
#    List file    =  D:\STMPath\26X9010(MPP 2IN1)\Debug\List\stm8s_iwdg.lst   #
#    Object file  =  D:\STMPath\26X9010(MPP 2IN1)\Debug\Obj\stm8s_iwdg.o      #
#                                                                             #
#                                                                             #
###############################################################################

D:\STMPath\26X9010(MPP 2IN1)\lib\src\stm8s_iwdg.c
      1          /**
      2            ********************************************************************************
      3            * @file    stm8s_iwdg.c
      4            * @author  MCD Application Team
      5            * @version V2.0.0
      6            * @date    25-February-2011
      7            * @brief   This file contains all the functions for the IWDG peripheral.
      8            ******************************************************************************
      9            * @attention
     10            *
     11            * THE PRESENT FIRMWARE WHICH IS FOR GUIDANCE ONLY AIMS AT PROVIDING CUSTOMERS
     12            * WITH CODING INFORMATION REGARDING THEIR PRODUCTS IN ORDER FOR THEM TO SAVE
     13            * TIME. AS A RESULT, STMICROELECTRONICS SHALL NOT BE HELD LIABLE FOR ANY
     14            * DIRECT, INDIRECT OR CONSEQUENTIAL DAMAGES WITH RESPECT TO ANY CLAIMS ARISING
     15            * FROM THE CONTENT OF SUCH FIRMWARE AND/OR THE USE MADE BY CUSTOMERS OF THE
     16            * CODING INFORMATION CONTAINED HEREIN IN CONNECTION WITH THEIR PRODUCTS.
     17            *
     18            * <h2><center>&copy; COPYRIGHT 2011 STMicroelectronics</center></h2>
     19            ******************************************************************************
     20            */
     21          
     22          /* Includes ------------------------------------------------------------------*/
     23          #include "stm8s_iwdg.h"
     24          
     25          /* Private define ------------------------------------------------------------*/
     26          /* Private macro -------------------------------------------------------------*/
     27          /* Private variables ---------------------------------------------------------*/
     28          /* Private function prototypes -----------------------------------------------*/
     29          /* Private functions ---------------------------------------------------------*/
     30          /* Public functions ----------------------------------------------------------*/
     31          
     32          /** @addtogroup IWDG_Public_Functions
     33            * @{
     34            */
     35          
     36          /**
     37            * @brief  Enables or disables write access to Prescaler and Reload registers.
     38            * @param  IWDG_WriteAccess : New state of write access to Prescaler and Reload
     39            *         registers.  This parameter can be a value of @ref IWDG_WriteAccess_TypeDef.
     40            * @retval None
     41            */
     42          void IWDG_WriteAccessCmd(IWDG_WriteAccess_TypeDef IWDG_WriteAccess)
     43          {
     44              /* Check the parameters */
     45              assert_param(IS_IWDG_WRITEACCESS_MODE_OK(IWDG_WriteAccess));
     46          
     47              IWDG->KR = (uint8_t)IWDG_WriteAccess; /* Write Access */
     48          }
     49          
     50          /**
     51            * @brief  Sets IWDG Prescaler value.
     52            * @note   Write access should be enabled
     53            * @param  IWDG_Prescaler : Specifies the IWDG Prescaler value.
     54            *         This parameter can be a value of @ref IWDG_Prescaler_TypeDef.
     55            * @retval None
     56            */
     57          void IWDG_SetPrescaler(IWDG_Prescaler_TypeDef IWDG_Prescaler)
     58          {
     59              /* Check the parameters */
     60              assert_param(IS_IWDG_PRESCALER_OK(IWDG_Prescaler));
     61          
     62              IWDG->PR = (uint8_t)IWDG_Prescaler;
     63          }
     64          
     65          /**
     66            * @brief  Sets IWDG Reload value.
     67            * @note   Write access should be enabled
     68            * @param  IWDG_Reload : Reload register value.
     69            *         This parameter must be a number between 0 and 0xFF.
     70            * @retval None
     71            */
     72          void IWDG_SetReload(uint8_t IWDG_Reload)
     73          {
     74              IWDG->RLR = IWDG_Reload;
     75          }
     76          
     77          /**
     78            * @brief  Reloads IWDG counter
     79            * @note   Write access should be enabled
     80            * @param  None
     81            * @retval None
     82            */
     83          void IWDG_ReloadCounter(void)
     84          {
     85              IWDG->KR = IWDG_KEY_REFRESH;
     86          }
     87          
     88          /**
     89            * @brief  Enables IWDG.
     90            * @param  None
     91            * @retval None
     92            */
     93          void IWDG_Enable(void)
     94          {
     95              IWDG->KR = IWDG_KEY_ENABLE;
     96          }
     97          
     98          /**
     99            * @}
    100            */
    101            
    102          /**
    103            * @}
    104            */
    105            
    106          /******************* (C) COPYRIGHT 2011 STMicroelectronics *****END OF FILE****/

   Section sizes:

     Function/Label      Bytes
     --------------      -----
     IWDG_WriteAccessCmd    4
     IWDG_SetPrescaler      4
     IWDG_SetReload         4
     IWDG_ReloadCounter     5
     IWDG_Enable            5

 
 22 bytes in section .near_func.text
 
 22 bytes of CODE memory

Errors: none
Warnings: none
