###############################################################################
#                                                                             #
# IAR C/C++ Compiler V1.31.1.20058 [Evaluation] for STM811/Apr/2015  10:45:32 #
# Copyright 2010-2012 IAR Systems AB.                                         #
#                                                                             #
#    Source file  =  D:\STMPath\26X9010(MPP 2IN1)\lib\src\stm8s_rst.c         #
#    Command line =  "D:\STMPath\26X9010(MPP 2IN1)\lib\src\stm8s_rst.c" -e    #
#                    -Ohz --debug --code_model small --data_model medium -o   #
#                    "D:\STMPath\26X9010(MPP 2IN1)\Debug\Obj\" --dlib_config  #
#                    "C:\Program Files\IAR Systems\Embedded Workbench 6.0     #
#                    Evaluation\stm8\LIB\dlstm8smn.h" -lcN                    #
#                    "D:\STMPath\26X9010(MPP 2IN1)\Debug\List\" -I            #
#                    "D:\STMPath\26X9010(MPP 2IN1)/user/\" -I                 #
#                    "D:\STMPath\26X9010(MPP 2IN1)/user/src/\" -I             #
#                    "D:\STMPath\26X9010(MPP 2IN1)/user/inc/\" -I             #
#                    "D:\STMPath\26X9010(MPP 2IN1)/addon/\" -I                #
#                    "D:\STMPath\26X9010(MPP 2IN1)/addon/src/\" -I            #
#                    "D:\STMPath\26X9010(MPP 2IN1)/addon/inc/\" -I            #
#                    "D:\STMPath\26X9010(MPP 2IN1)/sys/\" -I                  #
#                    "D:\STMPath\26X9010(MPP 2IN1)/sys/inc/\" -I              #
#                    "D:\STMPath\26X9010(MPP 2IN1)/sys/src/\" -I              #
#                    "D:\STMPath\26X9010(MPP 2IN1)/lib/\" -I                  #
#                    "D:\STMPath\26X9010(MPP 2IN1)/lib/src/\" -I              #
#                    "D:\STMPath\26X9010(MPP 2IN1)/lib/inc/\" --vregs 16      #
#    List file    =  D:\STMPath\26X9010(MPP 2IN1)\Debug\List\stm8s_rst.lst    #
#    Object file  =  D:\STMPath\26X9010(MPP 2IN1)\Debug\Obj\stm8s_rst.o       #
#                                                                             #
#                                                                             #
###############################################################################

D:\STMPath\26X9010(MPP 2IN1)\lib\src\stm8s_rst.c
      1          /**
      2            ******************************************************************************
      3            * @file    stm8s_rst.c
      4            * @author  MCD Application Team
      5            * @version V2.0.0
      6            * @date    25-February-2011
      7            * @brief   This file contains all the functions for the RST peripheral.
      8            ******************************************************************************
      9            * @attention
     10            *
     11            * THE PRESENT FIRMWARE WHICH IS FOR GUIDANCE ONLY AIMS AT PROVIDING CUSTOMERS
     12            * WITH CODING INFORMATION REGARDING THEIR PRODUCTS IN ORDER FOR THEM TO SAVE
     13            * TIME. AS A RESULT, STMICROELECTRONICS SHALL NOT BE HELD LIABLE FOR ANY
     14            * DIRECT, INDIRECT OR CONSEQUENTIAL DAMAGES WITH RESPECT TO ANY CLAIMS ARISING
     15            * FROM THE CONTENT OF SUCH FIRMWARE AND/OR THE USE MADE BY CUSTOMERS OF THE
     16            * CODING INFORMATION CONTAINED HEREIN IN CONNECTION WITH THEIR PRODUCTS.
     17            *
     18            * <h2><center>&copy; COPYRIGHT 2011 STMicroelectronics</center></h2>
     19            ******************************************************************************
     20            */
     21          
     22          /* Includes ------------------------------------------------------------------*/
     23          
     24          #include "stm8s_rst.h"
     25          
     26          /** @addtogroup STM8S_StdPeriph_Driver
     27            * @{
     28            */
     29          /* Private typedef -----------------------------------------------------------*/
     30          /* Private define ------------------------------------------------------------*/
     31          /* Private macro -------------------------------------------------------------*/
     32          /* Private variables ---------------------------------------------------------*/
     33          /* Private function prototypes -----------------------------------------------*/
     34          /* Private Constants ---------------------------------------------------------*/
     35          /* Public functions ----------------------------------------------------------*/
     36          /**
     37            * @addtogroup RST_Public_Functions
     38            * @{
     39            */
     40          
     41          
     42          /**
     43            * @brief   Checks whether the specified RST flag is set or not.
     44            * @param   RST_Flag : specify the reset flag to check.
     45            *          This parameter can be a value of @ref RST_FLAG_TypeDef.
     46            * @retval  FlagStatus: status of the given RST flag.
     47            */
     48          FlagStatus RST_GetFlagStatus(RST_Flag_TypeDef RST_Flag)
     49          {
     50              /* Check the parameters */
     51              assert_param(IS_RST_FLAG_OK(RST_Flag));
     52          
     53              /* Get flag status */
     54          
     55              return ((FlagStatus)((uint8_t)RST->SR & (uint8_t)RST_Flag));
     56          }
     57          
     58          /**
     59            * @brief  Clears the specified RST flag.
     60            * @param  RST_Flag : specify the reset flag to clear.
     61            *         This parameter can be a value of @ref RST_FLAG_TypeDef.
     62            * @retval None
     63            */
     64          void RST_ClearFlag(RST_Flag_TypeDef RST_Flag)
     65          {
     66              /* Check the parameters */
     67              assert_param(IS_RST_FLAG_OK(RST_Flag));
     68          
     69              RST->SR = (uint8_t)RST_Flag;
     70          }
     71          
     72          /**
     73            * @}
     74            */
     75            
     76          /**
     77            * @}
     78            */
     79            
     80          /******************* (C) COPYRIGHT 2011 STMicroelectronics *****END OF FILE****/

   Section sizes:

     Function/Label    Bytes
     --------------    -----
     RST_GetFlagStatus    4
     RST_ClearFlag        4

 
 8 bytes in section .near_func.text
 
 8 bytes of CODE memory

Errors: none
Warnings: none
